{"contracts/AXWArbitraryFixedPointMath.sol":{"l":{"29":0,"31":0,"32":0,"34":0,"47":0,"48":0,"50":0,"51":0,"53":0,"66":0,"68":0,"69":0,"70":0,"72":0,"85":0,"87":0,"89":0,"90":0,"91":0,"94":0,"95":0,"96":0,"99":0,"100":0,"101":0,"104":0,"105":0,"106":0,"109":0,"110":0,"111":0,"114":0,"115":0,"116":0,"119":0,"120":0,"121":0,"124":0,"125":0,"128":0,"143":0,"145":0,"147":0,"149":0,"151":0,"153":0,"155":0,"156":0,"157":0,"158":0,"161":0,"179":0,"181":0,"183":0,"184":0,"186":0,"188":0,"202":0,"203":0,"205":0,"206":0,"207":0,"209":0,"210":0,"211":0,"214":0,"215":0,"218":0,"234":0,"236":0,"237":0,"239":0,"253":0,"254":0,"255":0,"270":0,"271":0,"272":0,"285":0},"path":"/Users/main/Documents/mac_backup/coding/gitProjects/AxwMathFixedPoint/contracts/AXWArbitraryFixedPointMath.sol","s":{"1":0,"2":0,"3":0,"4":0,"5":0,"6":0,"7":0,"8":0,"9":0,"10":0,"11":0,"12":0,"13":0,"14":0,"15":0,"16":0,"17":0,"18":0,"19":0,"20":0,"21":0,"22":0,"23":0,"24":0,"25":0,"26":0,"27":0,"28":0,"29":0,"30":0,"31":0,"32":0,"33":0,"34":0,"35":0,"36":0,"37":0,"38":0,"39":0,"40":0,"41":0,"42":0,"43":0,"44":0,"45":0,"46":0,"47":0,"48":0,"49":0,"50":0,"51":0,"52":0,"53":0,"54":0,"55":0,"56":0,"57":0,"58":0,"59":0,"60":0,"61":0,"62":0,"63":0,"64":0,"65":0,"66":0,"67":0,"68":0,"69":0,"70":0,"71":0,"72":0,"73":0,"74":0,"75":0,"76":0,"77":0,"78":0,"79":0,"80":0},"b":{"1":[0,0],"2":[0,0],"3":[0,0],"4":[0,0],"5":[0,0],"6":[0,0],"7":[0,0],"8":[0,0],"9":[0,0],"10":[0,0],"11":[0,0],"12":[0,0],"13":[0,0],"14":[0,0],"15":[0,0],"16":[0,0],"17":[0,0],"18":[0,0],"19":[0,0],"20":[0,0],"21":[0,0],"22":[0,0],"23":[0,0],"24":[0,0],"25":[0,0],"26":[0,0],"27":[0,0],"28":[0,0],"29":[0,0]},"f":{"1":0,"2":0,"3":0,"4":0,"5":0,"6":0,"7":0,"8":0,"9":0,"10":0,"11":0},"fnMap":{"1":{"name":"log_base_1d0001","line":23,"loc":{"start":{"line":23,"column":4},"end":{"line":35,"column":4}}},"2":{"name":"log_base_10","line":41,"loc":{"start":{"line":41,"column":4},"end":{"line":54,"column":4}}},"3":{"name":"log_base_2","line":60,"loc":{"start":{"line":60,"column":4},"end":{"line":73,"column":4}}},"4":{"name":"normalizedExponent","line":79,"loc":{"start":{"line":79,"column":4},"end":{"line":129,"column":4}}},"5":{"name":"f_log_base_2","line":137,"loc":{"start":{"line":137,"column":4},"end":{"line":163,"column":4}}},"6":{"name":"exp_2","line":173,"loc":{"start":{"line":173,"column":4},"end":{"line":189,"column":4}}},"7":{"name":"f_Exp_2","line":196,"loc":{"start":{"line":196,"column":4},"end":{"line":219,"column":4}}},"8":{"name":"pow","line":227,"loc":{"start":{"line":227,"column":4},"end":{"line":240,"column":4}}},"9":{"name":"sqrt","line":247,"loc":{"start":{"line":247,"column":4},"end":{"line":256,"column":4}}},"10":{"name":"surd","line":263,"loc":{"start":{"line":263,"column":4},"end":{"line":273,"column":4}}},"11":{"name":"pow2_of_i","line":280,"loc":{"start":{"line":280,"column":4},"end":{"line":415,"column":4}}}},"statementMap":{"1":{"start":{"line":29,"column":9},"end":{"line":29,"column":41}},"2":{"start":{"line":31,"column":9},"end":{"line":31,"column":51}},"3":{"start":{"line":32,"column":9},"end":{"line":32,"column":69}},"4":{"start":{"line":34,"column":9},"end":{"line":34,"column":82}},"5":{"start":{"line":47,"column":9},"end":{"line":47,"column":40}},"6":{"start":{"line":48,"column":9},"end":{"line":48,"column":41}},"7":{"start":{"line":50,"column":9},"end":{"line":50,"column":51}},"8":{"start":{"line":51,"column":9},"end":{"line":51,"column":61}},"9":{"start":{"line":53,"column":9},"end":{"line":53,"column":78}},"10":{"start":{"line":66,"column":8},"end":{"line":66,"column":40}},"11":{"start":{"line":68,"column":8},"end":{"line":68,"column":51}},"12":{"start":{"line":69,"column":8},"end":{"line":69,"column":45}},"13":{"start":{"line":70,"column":8},"end":{"line":70,"column":59}},"14":{"start":{"line":72,"column":8},"end":{"line":72,"column":75}},"15":{"start":{"line":85,"column":8},"end":{"line":85,"column":40}},"16":{"start":{"line":87,"column":8},"end":{"line":87,"column":32}},"17":{"start":{"line":87,"column":24},"end":{"line":87,"column":32}},"18":{"start":{"line":89,"column":8},"end":{"line":89,"column":3506}},"19":{"start":{"line":90,"column":12},"end":{"line":90,"column":22}},"20":{"start":{"line":91,"column":12},"end":{"line":91,"column":26}},"21":{"start":{"line":94,"column":8},"end":{"line":94,"column":3628}},"22":{"start":{"line":95,"column":12},"end":{"line":95,"column":21}},"23":{"start":{"line":96,"column":12},"end":{"line":96,"column":25}},"24":{"start":{"line":99,"column":8},"end":{"line":99,"column":3732}},"25":{"start":{"line":100,"column":12},"end":{"line":100,"column":21}},"26":{"start":{"line":101,"column":12},"end":{"line":101,"column":25}},"27":{"start":{"line":104,"column":8},"end":{"line":104,"column":3828}},"28":{"start":{"line":105,"column":12},"end":{"line":105,"column":21}},"29":{"start":{"line":106,"column":12},"end":{"line":106,"column":25}},"30":{"start":{"line":109,"column":8},"end":{"line":109,"column":3920}},"31":{"start":{"line":110,"column":12},"end":{"line":110,"column":20}},"32":{"start":{"line":111,"column":12},"end":{"line":111,"column":24}},"33":{"start":{"line":114,"column":8},"end":{"line":114,"column":4008}},"34":{"start":{"line":115,"column":12},"end":{"line":115,"column":20}},"35":{"start":{"line":116,"column":12},"end":{"line":116,"column":24}},"36":{"start":{"line":119,"column":8},"end":{"line":119,"column":4095}},"37":{"start":{"line":120,"column":12},"end":{"line":120,"column":20}},"38":{"start":{"line":121,"column":12},"end":{"line":121,"column":24}},"39":{"start":{"line":124,"column":8},"end":{"line":124,"column":4182}},"40":{"start":{"line":125,"column":12},"end":{"line":125,"column":24}},"41":{"start":{"line":128,"column":8},"end":{"line":128,"column":20}},"42":{"start":{"line":143,"column":8},"end":{"line":143,"column":40}},"43":{"start":{"line":145,"column":8},"end":{"line":145,"column":37}},"44":{"start":{"line":147,"column":8},"end":{"line":147,"column":41}},"45":{"start":{"line":149,"column":8},"end":{"line":149,"column":51}},"46":{"start":{"line":149,"column":43},"end":{"line":149,"column":51}},"47":{"start":{"line":151,"column":8},"end":{"line":151,"column":79}},"48":{"start":{"line":153,"column":8},"end":{"line":153,"column":79}},"49":{"start":{"line":155,"column":8},"end":{"line":155,"column":5266}},"50":{"start":{"line":156,"column":12},"end":{"line":156,"column":5337}},"51":{"start":{"line":157,"column":16},"end":{"line":157,"column":32}},"52":{"start":{"line":158,"column":16},"end":{"line":158,"column":33}},"53":{"start":{"line":161,"column":12},"end":{"line":161,"column":60}},"54":{"start":{"line":179,"column":8},"end":{"line":179,"column":40}},"55":{"start":{"line":181,"column":8},"end":{"line":181,"column":60}},"56":{"start":{"line":183,"column":8},"end":{"line":183,"column":67}},"57":{"start":{"line":184,"column":8},"end":{"line":184,"column":83}},"58":{"start":{"line":186,"column":8},"end":{"line":186,"column":85}},"59":{"start":{"line":188,"column":8},"end":{"line":188,"column":90}},"60":{"start":{"line":202,"column":8},"end":{"line":202,"column":39}},"61":{"start":{"line":203,"column":8},"end":{"line":203,"column":40}},"62":{"start":{"line":205,"column":8},"end":{"line":205,"column":64}},"63":{"start":{"line":206,"column":8},"end":{"line":206,"column":52}},"64":{"start":{"line":207,"column":8},"end":{"line":207,"column":19}},"65":{"start":{"line":209,"column":8},"end":{"line":209,"column":7516}},"66":{"start":{"line":210,"column":12},"end":{"line":210,"column":7641}},"67":{"start":{"line":211,"column":16},"end":{"line":211,"column":7695}},"68":{"start":{"line":214,"column":12},"end":{"line":214,"column":30}},"69":{"start":{"line":218,"column":8},"end":{"line":218,"column":40}},"70":{"start":{"line":234,"column":8},"end":{"line":234,"column":40}},"71":{"start":{"line":236,"column":8},"end":{"line":236,"column":43}},"72":{"start":{"line":237,"column":8},"end":{"line":237,"column":42}},"73":{"start":{"line":239,"column":8},"end":{"line":239,"column":31}},"74":{"start":{"line":253,"column":8},"end":{"line":253,"column":39}},"75":{"start":{"line":254,"column":8},"end":{"line":254,"column":40}},"76":{"start":{"line":255,"column":8},"end":{"line":255,"column":39}},"77":{"start":{"line":270,"column":8},"end":{"line":270,"column":39}},"78":{"start":{"line":271,"column":8},"end":{"line":271,"column":40}},"79":{"start":{"line":272,"column":8},"end":{"line":272,"column":47}},"80":{"start":{"line":285,"column":8},"end":{"line":285,"column":10171}}},"branchMap":{"1":{"line":29,"type":"if","locations":[{"start":{"line":29,"column":9},"end":{"line":29,"column":9}},{"start":{"line":29,"column":9},"end":{"line":29,"column":9}}]},"2":{"line":47,"type":"if","locations":[{"start":{"line":47,"column":9},"end":{"line":47,"column":9}},{"start":{"line":47,"column":9},"end":{"line":47,"column":9}}]},"3":{"line":48,"type":"if","locations":[{"start":{"line":48,"column":9},"end":{"line":48,"column":9}},{"start":{"line":48,"column":9},"end":{"line":48,"column":9}}]},"4":{"line":66,"type":"if","locations":[{"start":{"line":66,"column":8},"end":{"line":66,"column":8}},{"start":{"line":66,"column":8},"end":{"line":66,"column":8}}]},"5":{"line":85,"type":"if","locations":[{"start":{"line":85,"column":8},"end":{"line":85,"column":8}},{"start":{"line":85,"column":8},"end":{"line":85,"column":8}}]},"6":{"line":87,"type":"if","locations":[{"start":{"line":87,"column":8},"end":{"line":87,"column":8}},{"start":{"line":87,"column":8},"end":{"line":87,"column":8}}]},"7":{"line":89,"type":"if","locations":[{"start":{"line":89,"column":8},"end":{"line":89,"column":8}},{"start":{"line":89,"column":8},"end":{"line":89,"column":8}}]},"8":{"line":94,"type":"if","locations":[{"start":{"line":94,"column":8},"end":{"line":94,"column":8}},{"start":{"line":94,"column":8},"end":{"line":94,"column":8}}]},"9":{"line":99,"type":"if","locations":[{"start":{"line":99,"column":8},"end":{"line":99,"column":8}},{"start":{"line":99,"column":8},"end":{"line":99,"column":8}}]},"10":{"line":104,"type":"if","locations":[{"start":{"line":104,"column":8},"end":{"line":104,"column":8}},{"start":{"line":104,"column":8},"end":{"line":104,"column":8}}]},"11":{"line":109,"type":"if","locations":[{"start":{"line":109,"column":8},"end":{"line":109,"column":8}},{"start":{"line":109,"column":8},"end":{"line":109,"column":8}}]},"12":{"line":114,"type":"if","locations":[{"start":{"line":114,"column":8},"end":{"line":114,"column":8}},{"start":{"line":114,"column":8},"end":{"line":114,"column":8}}]},"13":{"line":119,"type":"if","locations":[{"start":{"line":119,"column":8},"end":{"line":119,"column":8}},{"start":{"line":119,"column":8},"end":{"line":119,"column":8}}]},"14":{"line":124,"type":"if","locations":[{"start":{"line":124,"column":8},"end":{"line":124,"column":8}},{"start":{"line":124,"column":8},"end":{"line":124,"column":8}}]},"15":{"line":143,"type":"if","locations":[{"start":{"line":143,"column":8},"end":{"line":143,"column":8}},{"start":{"line":143,"column":8},"end":{"line":143,"column":8}}]},"16":{"line":149,"type":"if","locations":[{"start":{"line":149,"column":8},"end":{"line":149,"column":8}},{"start":{"line":149,"column":8},"end":{"line":149,"column":8}}]},"17":{"line":151,"type":"if","locations":[{"start":{"line":151,"column":8},"end":{"line":151,"column":8}},{"start":{"line":151,"column":8},"end":{"line":151,"column":8}}]},"18":{"line":153,"type":"if","locations":[{"start":{"line":153,"column":8},"end":{"line":153,"column":8}},{"start":{"line":153,"column":8},"end":{"line":153,"column":8}}]},"19":{"line":156,"type":"if","locations":[{"start":{"line":156,"column":12},"end":{"line":156,"column":12}},{"start":{"line":156,"column":12},"end":{"line":156,"column":12}}]},"20":{"line":179,"type":"if","locations":[{"start":{"line":179,"column":8},"end":{"line":179,"column":8}},{"start":{"line":179,"column":8},"end":{"line":179,"column":8}}]},"21":{"line":183,"type":"if","locations":[{"start":{"line":183,"column":8},"end":{"line":183,"column":8}},{"start":{"line":183,"column":8},"end":{"line":183,"column":8}}]},"22":{"line":202,"type":"if","locations":[{"start":{"line":202,"column":8},"end":{"line":202,"column":8}},{"start":{"line":202,"column":8},"end":{"line":202,"column":8}}]},"23":{"line":203,"type":"if","locations":[{"start":{"line":203,"column":8},"end":{"line":203,"column":8}},{"start":{"line":203,"column":8},"end":{"line":203,"column":8}}]},"24":{"line":210,"type":"if","locations":[{"start":{"line":210,"column":12},"end":{"line":210,"column":12}},{"start":{"line":210,"column":12},"end":{"line":210,"column":12}}]},"25":{"line":234,"type":"if","locations":[{"start":{"line":234,"column":8},"end":{"line":234,"column":8}},{"start":{"line":234,"column":8},"end":{"line":234,"column":8}}]},"26":{"line":253,"type":"if","locations":[{"start":{"line":253,"column":8},"end":{"line":253,"column":8}},{"start":{"line":253,"column":8},"end":{"line":253,"column":8}}]},"27":{"line":254,"type":"if","locations":[{"start":{"line":254,"column":8},"end":{"line":254,"column":8}},{"start":{"line":254,"column":8},"end":{"line":254,"column":8}}]},"28":{"line":270,"type":"if","locations":[{"start":{"line":270,"column":8},"end":{"line":270,"column":8}},{"start":{"line":270,"column":8},"end":{"line":270,"column":8}}]},"29":{"line":271,"type":"if","locations":[{"start":{"line":271,"column":8},"end":{"line":271,"column":8}},{"start":{"line":271,"column":8},"end":{"line":271,"column":8}}]}}},"contracts/AxwMathUnsignedFixedPoint64x64.sol":{"l":{"38":16,"39":16,"41":14,"42":14,"43":14,"44":14,"53":6,"54":5,"56":4,"57":4,"73":6,"74":5,"76":4,"77":4,"89":22,"91":22,"92":8,"93":8,"96":22,"97":10,"98":10,"101":22,"102":9,"103":9,"106":22,"107":10,"108":10,"111":22,"112":11,"113":11,"116":22,"117":14,"127":19,"128":16,"129":16,"131":14,"132":14,"133":910,"134":603,"135":603,"139":910,"149":6,"150":5,"152":4,"153":4,"154":4,"155":4,"156":252,"157":97,"165":252,"166":252,"176":97},"path":"/Users/main/Documents/mac_backup/coding/gitProjects/AxwMathFixedPoint/contracts/AxwMathUnsignedFixedPoint64x64.sol","s":{"1":16,"2":0,"3":16,"4":14,"5":14,"6":14,"7":14,"8":6,"9":1,"10":5,"11":4,"12":4,"13":6,"14":1,"15":5,"16":4,"17":4,"18":22,"19":22,"20":8,"21":8,"22":22,"23":10,"24":10,"25":22,"26":9,"27":9,"28":22,"29":10,"30":10,"31":22,"32":11,"33":11,"34":22,"35":14,"36":19,"37":3,"38":16,"39":16,"40":14,"41":14,"42":910,"43":603,"44":603,"45":910,"46":6,"47":5,"48":4,"49":4,"50":4,"51":4,"52":252,"53":97,"54":252,"55":97},"b":{"1":[0,16],"2":[2,14],"3":[1,5],"4":[1,4],"5":[1,5],"6":[1,4],"7":[8,14],"8":[10,12],"9":[9,13],"10":[10,12],"11":[11,11],"12":[14,8],"13":[3,16],"14":[0,16],"15":[2,14],"16":[603,307],"17":[1,5],"18":[1,4],"19":[97,155]},"f":{"1":16,"2":6,"3":6,"4":22,"5":19,"6":6,"7":97},"fnMap":{"1":{"name":"log_base_2","line":37,"loc":{"start":{"line":37,"column":4},"end":{"line":45,"column":4}}},"2":{"name":"log_base_10","line":52,"loc":{"start":{"line":52,"column":4},"end":{"line":62,"column":4}}},"3":{"name":"log_base_1_0001","line":72,"loc":{"start":{"line":72,"column":4},"end":{"line":82,"column":4}}},"4":{"name":"normalized_exponent","line":88,"loc":{"start":{"line":88,"column":4},"end":{"line":119,"column":4}}},"5":{"name":"log_base_2_of_fraction","line":125,"loc":{"start":{"line":125,"column":4},"end":{"line":141,"column":4}}},"6":{"name":"exp_base_2_of_fraction","line":148,"loc":{"start":{"line":148,"column":4},"end":{"line":168,"column":4}}},"7":{"name":"cached_power_base_2_of_negative_integer_64x64","line":173,"loc":{"start":{"line":173,"column":4},"end":{"line":200,"column":4}}}},"statementMap":{"1":{"start":{"line":38,"column":8},"end":{"line":38,"column":41}},"2":{"start":{"line":38,"column":33},"end":{"line":38,"column":41}},"3":{"start":{"line":39,"column":8},"end":{"line":39,"column":68}},"4":{"start":{"line":41,"column":8},"end":{"line":41,"column":53}},"5":{"start":{"line":42,"column":8},"end":{"line":42,"column":51}},"6":{"start":{"line":43,"column":8},"end":{"line":43,"column":72}},"7":{"start":{"line":44,"column":8},"end":{"line":44,"column":66}},"8":{"start":{"line":53,"column":8},"end":{"line":53,"column":41}},"9":{"start":{"line":53,"column":33},"end":{"line":53,"column":41}},"10":{"start":{"line":54,"column":8},"end":{"line":54,"column":68}},"11":{"start":{"line":56,"column":8},"end":{"line":56,"column":59}},"12":{"start":{"line":57,"column":8},"end":{"line":57,"column":2497}},"13":{"start":{"line":73,"column":8},"end":{"line":73,"column":41}},"14":{"start":{"line":73,"column":33},"end":{"line":73,"column":41}},"15":{"start":{"line":74,"column":8},"end":{"line":74,"column":68}},"16":{"start":{"line":76,"column":8},"end":{"line":76,"column":59}},"17":{"start":{"line":77,"column":8},"end":{"line":77,"column":3380}},"18":{"start":{"line":89,"column":8},"end":{"line":89,"column":47}},"19":{"start":{"line":91,"column":8},"end":{"line":91,"column":3933}},"20":{"start":{"line":92,"column":12},"end":{"line":92,"column":26}},"21":{"start":{"line":93,"column":12},"end":{"line":93,"column":25}},"22":{"start":{"line":96,"column":8},"end":{"line":96,"column":4039}},"23":{"start":{"line":97,"column":12},"end":{"line":97,"column":26}},"24":{"start":{"line":98,"column":12},"end":{"line":98,"column":25}},"25":{"start":{"line":101,"column":8},"end":{"line":101,"column":4141}},"26":{"start":{"line":102,"column":12},"end":{"line":102,"column":25}},"27":{"start":{"line":103,"column":12},"end":{"line":103,"column":24}},"28":{"start":{"line":106,"column":8},"end":{"line":106,"column":4239}},"29":{"start":{"line":107,"column":12},"end":{"line":107,"column":25}},"30":{"start":{"line":108,"column":12},"end":{"line":108,"column":24}},"31":{"start":{"line":111,"column":8},"end":{"line":111,"column":4336}},"32":{"start":{"line":112,"column":12},"end":{"line":112,"column":25}},"33":{"start":{"line":113,"column":12},"end":{"line":113,"column":24}},"34":{"start":{"line":116,"column":8},"end":{"line":116,"column":4433}},"35":{"start":{"line":117,"column":12},"end":{"line":117,"column":24}},"36":{"start":{"line":127,"column":8},"end":{"line":127,"column":50}},"37":{"start":{"line":127,"column":42},"end":{"line":127,"column":50}},"38":{"start":{"line":128,"column":8},"end":{"line":128,"column":96}},"39":{"start":{"line":129,"column":8},"end":{"line":129,"column":84}},"40":{"start":{"line":131,"column":8},"end":{"line":131,"column":67}},"41":{"start":{"line":132,"column":8},"end":{"line":132,"column":5221}},"42":{"start":{"line":133,"column":12},"end":{"line":133,"column":5296}},"43":{"start":{"line":134,"column":16},"end":{"line":134,"column":36}},"44":{"start":{"line":135,"column":16},"end":{"line":135,"column":44}},"45":{"start":{"line":139,"column":12},"end":{"line":139,"column":94}},"46":{"start":{"line":149,"column":8},"end":{"line":149,"column":66}},"47":{"start":{"line":150,"column":8},"end":{"line":150,"column":62}},"48":{"start":{"line":152,"column":8},"end":{"line":152,"column":31}},"49":{"start":{"line":153,"column":8},"end":{"line":153,"column":48}},"50":{"start":{"line":154,"column":8},"end":{"line":154,"column":27}},"51":{"start":{"line":155,"column":8},"end":{"line":155,"column":6402}},"52":{"start":{"line":156,"column":12},"end":{"line":156,"column":6444}},"53":{"start":{"line":157,"column":16},"end":{"line":157,"column":6500}},"54":{"start":{"line":165,"column":12},"end":{"line":165,"column":28}},"55":{"start":{"line":176,"column":10},"end":{"line":176,"column":7162}}},"branchMap":{"1":{"line":38,"type":"if","locations":[{"start":{"line":38,"column":8},"end":{"line":38,"column":8}},{"start":{"line":38,"column":8},"end":{"line":38,"column":8}}]},"2":{"line":39,"type":"if","locations":[{"start":{"line":39,"column":8},"end":{"line":39,"column":8}},{"start":{"line":39,"column":8},"end":{"line":39,"column":8}}]},"3":{"line":53,"type":"if","locations":[{"start":{"line":53,"column":8},"end":{"line":53,"column":8}},{"start":{"line":53,"column":8},"end":{"line":53,"column":8}}]},"4":{"line":54,"type":"if","locations":[{"start":{"line":54,"column":8},"end":{"line":54,"column":8}},{"start":{"line":54,"column":8},"end":{"line":54,"column":8}}]},"5":{"line":73,"type":"if","locations":[{"start":{"line":73,"column":8},"end":{"line":73,"column":8}},{"start":{"line":73,"column":8},"end":{"line":73,"column":8}}]},"6":{"line":74,"type":"if","locations":[{"start":{"line":74,"column":8},"end":{"line":74,"column":8}},{"start":{"line":74,"column":8},"end":{"line":74,"column":8}}]},"7":{"line":91,"type":"if","locations":[{"start":{"line":91,"column":8},"end":{"line":91,"column":8}},{"start":{"line":91,"column":8},"end":{"line":91,"column":8}}]},"8":{"line":96,"type":"if","locations":[{"start":{"line":96,"column":8},"end":{"line":96,"column":8}},{"start":{"line":96,"column":8},"end":{"line":96,"column":8}}]},"9":{"line":101,"type":"if","locations":[{"start":{"line":101,"column":8},"end":{"line":101,"column":8}},{"start":{"line":101,"column":8},"end":{"line":101,"column":8}}]},"10":{"line":106,"type":"if","locations":[{"start":{"line":106,"column":8},"end":{"line":106,"column":8}},{"start":{"line":106,"column":8},"end":{"line":106,"column":8}}]},"11":{"line":111,"type":"if","locations":[{"start":{"line":111,"column":8},"end":{"line":111,"column":8}},{"start":{"line":111,"column":8},"end":{"line":111,"column":8}}]},"12":{"line":116,"type":"if","locations":[{"start":{"line":116,"column":8},"end":{"line":116,"column":8}},{"start":{"line":116,"column":8},"end":{"line":116,"column":8}}]},"13":{"line":127,"type":"if","locations":[{"start":{"line":127,"column":8},"end":{"line":127,"column":8}},{"start":{"line":127,"column":8},"end":{"line":127,"column":8}}]},"14":{"line":128,"type":"if","locations":[{"start":{"line":128,"column":8},"end":{"line":128,"column":8}},{"start":{"line":128,"column":8},"end":{"line":128,"column":8}}]},"15":{"line":129,"type":"if","locations":[{"start":{"line":129,"column":8},"end":{"line":129,"column":8}},{"start":{"line":129,"column":8},"end":{"line":129,"column":8}}]},"16":{"line":133,"type":"if","locations":[{"start":{"line":133,"column":12},"end":{"line":133,"column":12}},{"start":{"line":133,"column":12},"end":{"line":133,"column":12}}]},"17":{"line":149,"type":"if","locations":[{"start":{"line":149,"column":8},"end":{"line":149,"column":8}},{"start":{"line":149,"column":8},"end":{"line":149,"column":8}}]},"18":{"line":150,"type":"if","locations":[{"start":{"line":150,"column":8},"end":{"line":150,"column":8}},{"start":{"line":150,"column":8},"end":{"line":150,"column":8}}]},"19":{"line":156,"type":"if","locations":[{"start":{"line":156,"column":12},"end":{"line":156,"column":12}},{"start":{"line":156,"column":12},"end":{"line":156,"column":12}}]}}},"contracts/lib/FullMath.sol":{"l":{"24":0,"25":0,"26":0,"33":0,"34":0,"35":0,"38":0,"43":0,"51":0,"52":0,"56":0,"64":0,"66":0,"71":0,"77":0,"80":0,"87":0,"91":0,"92":0,"93":0,"94":0,"95":0,"96":0,"104":0,"105":0},"path":"/Users/main/Documents/mac_backup/coding/gitProjects/AxwMathFixedPoint/contracts/lib/FullMath.sol","s":{"1":0,"2":0,"3":0,"4":0,"5":0,"6":0,"7":0,"8":0,"9":0,"10":0,"11":0,"12":0,"13":0,"14":0,"15":0,"16":0,"17":0,"18":0},"b":{"1":[0,0],"2":[0,0],"3":[0,0]},"f":{"1":0},"fnMap":{"1":{"name":"mulDiv","line":14,"loc":{"start":{"line":14,"column":4},"end":{"line":106,"column":4}}}},"statementMap":{"1":{"start":{"line":24,"column":8},"end":{"line":24,"column":21}},"2":{"start":{"line":25,"column":8},"end":{"line":25,"column":21}},"3":{"start":{"line":33,"column":8},"end":{"line":33,"column":1543}},"4":{"start":{"line":34,"column":12},"end":{"line":34,"column":35}},"5":{"start":{"line":38,"column":12},"end":{"line":38,"column":25}},"6":{"start":{"line":43,"column":8},"end":{"line":43,"column":35}},"7":{"start":{"line":51,"column":8},"end":{"line":51,"column":25}},"8":{"start":{"line":64,"column":8},"end":{"line":64,"column":74}},"9":{"start":{"line":80,"column":8},"end":{"line":80,"column":28}},"10":{"start":{"line":87,"column":8},"end":{"line":87,"column":43}},"11":{"start":{"line":91,"column":8},"end":{"line":91,"column":35}},"12":{"start":{"line":92,"column":8},"end":{"line":92,"column":35}},"13":{"start":{"line":93,"column":8},"end":{"line":93,"column":35}},"14":{"start":{"line":94,"column":8},"end":{"line":94,"column":35}},"15":{"start":{"line":95,"column":8},"end":{"line":95,"column":35}},"16":{"start":{"line":96,"column":8},"end":{"line":96,"column":35}},"17":{"start":{"line":104,"column":8},"end":{"line":104,"column":27}},"18":{"start":{"line":105,"column":8},"end":{"line":105,"column":21}}},"branchMap":{"1":{"line":33,"type":"if","locations":[{"start":{"line":33,"column":8},"end":{"line":33,"column":8}},{"start":{"line":33,"column":8},"end":{"line":33,"column":8}}]},"2":{"line":34,"type":"if","locations":[{"start":{"line":34,"column":12},"end":{"line":34,"column":12}},{"start":{"line":34,"column":12},"end":{"line":34,"column":12}}]},"3":{"line":43,"type":"if","locations":[{"start":{"line":43,"column":8},"end":{"line":43,"column":8}},{"start":{"line":43,"column":8},"end":{"line":43,"column":8}}]}}},"contracts/Test.sol":{"l":{"11":8,"15":5,"19":8,"23":6,"27":6,"31":6},"path":"/Users/main/Documents/mac_backup/coding/gitProjects/AxwMathFixedPoint/contracts/Test.sol","s":{"1":8,"2":5,"3":8,"4":6,"5":6,"6":6},"b":{},"f":{"1":8,"2":5,"3":8,"4":6,"5":6,"6":6},"fnMap":{"1":{"name":"normalized_exponent","line":10,"loc":{"start":{"line":10,"column":4},"end":{"line":12,"column":4}}},"2":{"name":"log_base_2_of_fraction","line":14,"loc":{"start":{"line":14,"column":4},"end":{"line":16,"column":4}}},"3":{"name":"log_base_2","line":18,"loc":{"start":{"line":18,"column":4},"end":{"line":20,"column":4}}},"4":{"name":"log_base_1_0001","line":22,"loc":{"start":{"line":22,"column":4},"end":{"line":24,"column":4}}},"5":{"name":"log_base_10","line":26,"loc":{"start":{"line":26,"column":4},"end":{"line":28,"column":4}}},"6":{"name":"exp_base_2_of_fraction","line":30,"loc":{"start":{"line":30,"column":4},"end":{"line":32,"column":4}}}},"statementMap":{"1":{"start":{"line":11,"column":8},"end":{"line":11,"column":44}},"2":{"start":{"line":15,"column":8},"end":{"line":15,"column":47}},"3":{"start":{"line":19,"column":8},"end":{"line":19,"column":35}},"4":{"start":{"line":23,"column":8},"end":{"line":23,"column":40}},"5":{"start":{"line":27,"column":8},"end":{"line":27,"column":36}},"6":{"start":{"line":31,"column":8},"end":{"line":31,"column":47}}},"branchMap":{}}}